Simulator Parameters:
Command line = -b 200 -fs 5 -monitor GradingMonitor -pf basic.pass
RandomSeed = 1449525938509
CanNetworkBitTime = 5000 ns
Effective Can Bitrate = 199999.99999999997
Run Time = null
Real time rate = null
Acceptance Test File = basic.pass
Monitors: GradingMonitor  


[Elevator] @0.000000000: Starting Simulation
[Elevator] @60.000000000: Progress indicator
[Elevator] @120.000000000: Progress indicator
[Elevator] @180.000000000: Progress indicator
[Elevator] @240.000000000: Progress indicator
[Elevator] @300.000000000: Progress indicator
[Elevator] @360.000000000: Progress indicator
[Elevator] @420.000000000: Progress indicator
[Elevator] @480.000000000: Progress indicator
[Elevator] @540.000000000: Progress indicator
[Elevator] @600.000000000: Progress indicator
[Elevator] @660.000000000: Progress indicator
[Elevator] @720.000000000: Progress indicator
[Elevator] @780.000000000: Progress indicator
[Elevator] @840.000000000: Progress indicator
[Elevator] @900.000000000: Progress indicator
[Elevator] @960.000000000: Progress indicator
[Elevator] @1020.000000000: Progress indicator
[Elevator] @1080.000000000: Progress indicator
[Elevator] @1137.529000000: Simulation Finished

Network Utilization Summary:
Recent: 76.47 % Max: 76.47 %  Overall:  76.47 %

Monitors Warning Results: 
RuntimeMonitor generated 0 warnings.

Monitors Summmary Results: 
0 RT-6 violations
-1 RT-7 violations
0 RT-8.1 violations
0 RT-8.2 violations
0 RT-8.3 violations
0 RT-9 violations

STATISTICS FOR ELEVATOR SIMULATION PASSENGER DELIVERY
-----------------------------------------------------


Passenger Delivery Summary
Delivered: 100
Stranded: 0
Total: 100

Deliver Stats (lower is better):
Average_delivery_time: 128.621
Maximum_delivery_time:  293.058
Delivery_performance_score:  807.542

Satisfaction Stats (higher is better):
Average_satisfaction_score: 100.000
Min_satisfaction_score:  100.000
Satisfaction_performance_score:  500.000



1137.529s simulation seconds
 17.397 real seconds
 effective rate 65.39
